<?xml version="1.0" encoding="UTF-8"?>
<coverage generated="1499195395671" clover="3.2.0">
  <project timestamp="1499195395671" name="All files">
    <metrics statements="40" coveredstatements="40" conditionals="8" coveredconditionals="8" methods="11" coveredmethods="11" elements="59" coveredelements="59" complexity="0" loc="40" ncloc="40" packages="2" files="3" classes="3">
      <package name="app">
        <metrics statements="27" coveredstatements="27" conditionals="2" coveredconditionals="2" methods="5" coveredmethods="5"/>
        <file name="App.js" path="E:\Workspace\quant-edge-demo\src\app\App.js">
          <metrics statements="27" coveredstatements="27" conditionals="2" coveredconditionals="2" methods="5" coveredmethods="5"/>
          <line num="19" count="6" type="stmt"/>
          <line num="21" count="6" type="stmt"/>
          <line num="22" count="360" type="stmt"/>
          <line num="33" count="6" type="stmt"/>
          <line num="34" count="360" type="stmt"/>
          <line num="35" count="360" type="stmt"/>
          <line num="36" count="2520" type="stmt"/>
          <line num="40" count="6" type="stmt"/>
          <line num="41" count="6" type="stmt"/>
          <line num="42" count="6" type="stmt"/>
          <line num="50" count="1" type="stmt"/>
          <line num="53" count="1" type="stmt"/>
          <line num="55" count="1" type="stmt"/>
          <line num="56" count="60" type="cond" truecount="2" falsecount="0"/>
          <line num="57" count="60" type="stmt"/>
          <line num="58" count="60" type="stmt"/>
          <line num="59" count="60" type="stmt"/>
          <line num="60" count="60" type="stmt"/>
          <line num="61" count="60" type="stmt"/>
          <line num="62" count="60" type="stmt"/>
          <line num="63" count="60" type="stmt"/>
          <line num="64" count="60" type="stmt"/>
          <line num="65" count="60" type="stmt"/>
          <line num="68" count="60" type="stmt"/>
          <line num="69" count="60" type="stmt"/>
          <line num="75" count="1" type="stmt"/>
          <line num="81" count="8" type="stmt"/>
        </file>
      </package>
      <package name="app.components.table">
        <metrics statements="13" coveredstatements="13" conditionals="6" coveredconditionals="6" methods="6" coveredmethods="6"/>
        <file name="row.js" path="E:\Workspace\quant-edge-demo\src\app\components\table\row.js">
          <metrics statements="11" coveredstatements="11" conditionals="6" coveredconditionals="6" methods="4" coveredmethods="4"/>
          <line num="9" count="43" type="stmt"/>
          <line num="10" count="43" type="stmt"/>
          <line num="15" count="84" type="cond" truecount="2" falsecount="0"/>
          <line num="16" count="2" type="stmt"/>
          <line num="18" count="82" type="stmt"/>
          <line num="21" count="84" type="cond" truecount="2" falsecount="0"/>
          <line num="22" count="2" type="stmt"/>
          <line num="24" count="82" type="stmt"/>
          <line num="27" count="87" type="cond" truecount="2" falsecount="0"/>
          <line num="28" count="82" type="stmt"/>
          <line num="39" count="5" type="stmt"/>
        </file>
        <file name="table.js" path="E:\Workspace\quant-edge-demo\src\app\components\table\table.js">
          <metrics statements="2" coveredstatements="2" conditionals="0" coveredconditionals="0" methods="2" coveredmethods="2"/>
          <line num="26" count="4" type="stmt"/>
          <line num="60" count="80" type="stmt"/>
        </file>
      </package>
    </metrics>
  </project>
</coverage>
