{"E:\\Workspace\\quant-edge-demo\\src\\app\\App.js": {"path":"E:\\Workspace\\quant-edge-demo\\src\\app\\App.js","statementMap":{"0":{"start":{"line":19,"column":8},"end":{"line":19,"column":21}},"1":{"start":{"line":21,"column":8},"end":{"line":31,"column":9}},"2":{"start":{"line":22,"column":12},"end":{"line":30,"column":15}},"3":{"start":{"line":33,"column":8},"end":{"line":38,"column":9}},"4":{"start":{"line":34,"column":12},"end":{"line":34,"column":34}},"5":{"start":{"line":35,"column":12},"end":{"line":37,"column":13}},"6":{"start":{"line":36,"column":16},"end":{"line":36,"column":68}},"7":{"start":{"line":40,"column":8},"end":{"line":40,"column":76}},"8":{"start":{"line":41,"column":8},"end":{"line":41,"column":87}},"9":{"start":{"line":42,"column":8},"end":{"line":47,"column":10}},"10":{"start":{"line":50,"column":8},"end":{"line":50,"column":38}},"11":{"start":{"line":53,"column":8},"end":{"line":53,"column":49}},"12":{"start":{"line":55,"column":8},"end":{"line":72,"column":9}},"13":{"start":{"line":56,"column":30},"end":{"line":56,"column":58}},"14":{"start":{"line":57,"column":28},"end":{"line":57,"column":62}},"15":{"start":{"line":58,"column":27},"end":{"line":58,"column":148}},"16":{"start":{"line":59,"column":28},"end":{"line":59,"column":112}},"17":{"start":{"line":60,"column":28},"end":{"line":60,"column":146}},"18":{"start":{"line":61,"column":12},"end":{"line":61,"column":50}},"19":{"start":{"line":62,"column":12},"end":{"line":62,"column":66}},"20":{"start":{"line":63,"column":12},"end":{"line":63,"column":55}},"21":{"start":{"line":64,"column":12},"end":{"line":64,"column":90}},"22":{"start":{"line":65,"column":12},"end":{"line":65,"column":60}},"23":{"start":{"line":68,"column":12},"end":{"line":68,"column":80}},"24":{"start":{"line":69,"column":12},"end":{"line":69,"column":91}},"25":{"start":{"line":75,"column":8},"end":{"line":78,"column":11}},"26":{"start":{"line":81,"column":8},"end":{"line":123,"column":10}}},"fnMap":{"0":{"name":"(anonymous_0)","decl":{"start":{"line":17,"column":4},"end":{"line":17,"column":5}},"loc":{"start":{"line":17,"column":23},"end":{"line":48,"column":5}},"line":17},"1":{"name":"(anonymous_1)","decl":{"start":{"line":49,"column":4},"end":{"line":49,"column":5}},"loc":{"start":{"line":49,"column":24},"end":{"line":51,"column":5}},"line":49},"2":{"name":"(anonymous_2)","decl":{"start":{"line":52,"column":12},"end":{"line":52,"column":13}},"loc":{"start":{"line":52,"column":18},"end":{"line":73,"column":5}},"line":52},"3":{"name":"(anonymous_3)","decl":{"start":{"line":74,"column":19},"end":{"line":74,"column":20}},"loc":{"start":{"line":74,"column":30},"end":{"line":79,"column":5}},"line":74},"4":{"name":"(anonymous_4)","decl":{"start":{"line":80,"column":4},"end":{"line":80,"column":5}},"loc":{"start":{"line":80,"column":13},"end":{"line":124,"column":5}},"line":80}},"branchMap":{"0":{"loc":{"start":{"line":56,"column":30},"end":{"line":56,"column":58}},"type":"cond-expr","locations":[{"start":{"line":56,"column":52},"end":{"line":56,"column":54}},{"start":{"line":56,"column":57},"end":{"line":56,"column":58}}],"line":56}},"s":{"0":6,"1":6,"2":360,"3":6,"4":360,"5":360,"6":2520,"7":6,"8":6,"9":6,"10":1,"11":1,"12":1,"13":60,"14":60,"15":60,"16":60,"17":60,"18":60,"19":60,"20":60,"21":60,"22":60,"23":60,"24":60,"25":1,"26":8},"f":{"0":6,"1":1,"2":1,"3":1,"4":8},"b":{"0":[34,26]},"_coverageSchema":"332fd63041d2c1bcb487cc26dd0d5f7d97098a6c","hash":"cd58745efc4cdb36152553c8b934e1b0286cfce8"}
,"E:\\Workspace\\quant-edge-demo\\src\\app\\components\\table\\row.js": {"path":"E:\\Workspace\\quant-edge-demo\\src\\app\\components\\table\\row.js","statementMap":{"0":{"start":{"line":9,"column":8},"end":{"line":9,"column":21}},"1":{"start":{"line":10,"column":8},"end":{"line":12,"column":10}},"2":{"start":{"line":15,"column":8},"end":{"line":18,"column":196}},"3":{"start":{"line":16,"column":12},"end":{"line":16,"column":189}},"4":{"start":{"line":18,"column":17},"end":{"line":18,"column":194}},"5":{"start":{"line":21,"column":8},"end":{"line":24,"column":204}},"6":{"start":{"line":22,"column":12},"end":{"line":22,"column":197}},"7":{"start":{"line":24,"column":17},"end":{"line":24,"column":202}},"8":{"start":{"line":27,"column":8},"end":{"line":39,"column":27}},"9":{"start":{"line":28,"column":12},"end":{"line":37,"column":14}},"10":{"start":{"line":39,"column":14},"end":{"line":39,"column":27}}},"fnMap":{"0":{"name":"(anonymous_0)","decl":{"start":{"line":8,"column":4},"end":{"line":8,"column":5}},"loc":{"start":{"line":8,"column":22},"end":{"line":13,"column":5}},"line":8},"1":{"name":"(anonymous_1)","decl":{"start":{"line":14,"column":4},"end":{"line":14,"column":5}},"loc":{"start":{"line":14,"column":23},"end":{"line":19,"column":5}},"line":14},"2":{"name":"(anonymous_2)","decl":{"start":{"line":20,"column":4},"end":{"line":20,"column":5}},"loc":{"start":{"line":20,"column":30},"end":{"line":25,"column":5}},"line":20},"3":{"name":"(anonymous_3)","decl":{"start":{"line":26,"column":4},"end":{"line":26,"column":5}},"loc":{"start":{"line":26,"column":12},"end":{"line":40,"column":5}},"line":26}},"branchMap":{"0":{"loc":{"start":{"line":15,"column":8},"end":{"line":18,"column":196}},"type":"if","locations":[{"start":{"line":15,"column":8},"end":{"line":18,"column":196}},{"start":{"line":15,"column":8},"end":{"line":18,"column":196}}],"line":15},"1":{"loc":{"start":{"line":21,"column":8},"end":{"line":24,"column":204}},"type":"if","locations":[{"start":{"line":21,"column":8},"end":{"line":24,"column":204}},{"start":{"line":21,"column":8},"end":{"line":24,"column":204}}],"line":21},"2":{"loc":{"start":{"line":27,"column":8},"end":{"line":39,"column":27}},"type":"if","locations":[{"start":{"line":27,"column":8},"end":{"line":39,"column":27}},{"start":{"line":27,"column":8},"end":{"line":39,"column":27}}],"line":27}},"s":{"0":43,"1":43,"2":84,"3":2,"4":82,"5":84,"6":2,"7":82,"8":87,"9":82,"10":5},"f":{"0":43,"1":84,"2":84,"3":87},"b":{"0":[2,82],"1":[2,82],"2":[82,5]},"_coverageSchema":"332fd63041d2c1bcb487cc26dd0d5f7d97098a6c","hash":"3bc386bca553dc80a2b82cfe0c4f797df2018446"}
,"E:\\Workspace\\quant-edge-demo\\src\\app\\components\\table\\table.js": {"path":"E:\\Workspace\\quant-edge-demo\\src\\app\\components\\table\\table.js","statementMap":{"0":{"start":{"line":26,"column":8},"end":{"line":66,"column":10}},"1":{"start":{"line":60,"column":23},"end":{"line":60,"column":67}}},"fnMap":{"0":{"name":"(anonymous_0)","decl":{"start":{"line":25,"column":4},"end":{"line":25,"column":5}},"loc":{"start":{"line":25,"column":12},"end":{"line":67,"column":5}},"line":25},"1":{"name":"(anonymous_1)","decl":{"start":{"line":58,"column":44},"end":{"line":58,"column":45}},"loc":{"start":{"line":60,"column":23},"end":{"line":60,"column":67}},"line":60}},"branchMap":{},"s":{"0":4,"1":80},"f":{"0":4,"1":80},"b":{},"_coverageSchema":"332fd63041d2c1bcb487cc26dd0d5f7d97098a6c","hash":"852631c2cbceb064e2e9f582c7670956ebfc2701"}
}
