TN:
SF:E:\Workspace\quant-edge-demo\src\app\App.js
FN:17,(anonymous_0)
FN:49,(anonymous_1)
FN:52,(anonymous_2)
FN:74,(anonymous_3)
FN:80,(anonymous_4)
FNF:5
FNH:5
FNDA:6,(anonymous_0)
FNDA:1,(anonymous_1)
FNDA:1,(anonymous_2)
FNDA:1,(anonymous_3)
FNDA:8,(anonymous_4)
DA:19,6
DA:21,6
DA:22,360
DA:33,6
DA:34,360
DA:35,360
DA:36,2520
DA:40,6
DA:41,6
DA:42,6
DA:50,1
DA:53,1
DA:55,1
DA:56,60
DA:57,60
DA:58,60
DA:59,60
DA:60,60
DA:61,60
DA:62,60
DA:63,60
DA:64,60
DA:65,60
DA:68,60
DA:69,60
DA:75,1
DA:81,8
LF:27
LH:27
BRDA:56,0,0,34
BRDA:56,0,1,26
BRF:2
BRH:2
end_of_record
TN:
SF:E:\Workspace\quant-edge-demo\src\app\components\table\row.js
FN:8,(anonymous_0)
FN:14,(anonymous_1)
FN:20,(anonymous_2)
FN:26,(anonymous_3)
FNF:4
FNH:4
FNDA:43,(anonymous_0)
FNDA:84,(anonymous_1)
FNDA:84,(anonymous_2)
FNDA:87,(anonymous_3)
DA:9,43
DA:10,43
DA:15,84
DA:16,2
DA:18,82
DA:21,84
DA:22,2
DA:24,82
DA:27,87
DA:28,82
DA:39,5
LF:11
LH:11
BRDA:15,0,0,2
BRDA:15,0,1,82
BRDA:21,1,0,2
BRDA:21,1,1,82
BRDA:27,2,0,82
BRDA:27,2,1,5
BRF:6
BRH:6
end_of_record
TN:
SF:E:\Workspace\quant-edge-demo\src\app\components\table\table.js
FN:25,(anonymous_0)
FN:58,(anonymous_1)
FNF:2
FNH:2
FNDA:4,(anonymous_0)
FNDA:80,(anonymous_1)
DA:26,4
DA:60,80
LF:2
LH:2
BRF:0
BRH:0
end_of_record
